<testsuites 
   name="OsvvmLibraries_RunDemoTests"
   timestamp="2023-04-26T10:24-0300"
   id="2023.04"
   time="2.443"
   tests="3"
   failures="3"
   errors="0"
   skipped="0"
>
<testsuite 
   name="Axi4Full"
   time="0.852"
   tests="1"
   failures="1"
   errors="0"
   skipped="0"
>
<testcase 
   name="TbAxi4_MemoryReadWriteDemo1"
   classname="TbAxi4_MemoryReadWriteDemo1"
   time="0"
>
<failure message="Test did not run">Test did not run</failure>
</testcase>
</testsuite>
<testsuite 
   name="AxiStream"
   time="0.837"
   tests="1"
   failures="1"
   errors="0"
   skipped="0"
>
<testcase 
   name="TbStream_SendGetRandom1"
   classname="TbStream_SendGetRandom1"
   time="0"
>
<failure message="Test did not run">Test did not run</failure>
</testcase>
</testsuite>
<testsuite 
   name="Uart"
   time="0.745"
   tests="1"
   failures="1"
   errors="0"
   skipped="0"
>
<testcase 
   name="TbUart_SendGet2"
   classname="TbUart_SendGet2"
   time="0"
>
<failure message="Test did not run">Test did not run</failure>
</testcase>
</testsuite>
</testsuites>
